
Solve problem 'COMPETES_LP_GenTransInv' with 43489 rows, 30139 columns, and 109242 nonzeros.
Tried aggregator 1 time.
LP Presolve eliminated 15317 rows and 1470 columns.
Aggregator did 1321 substitutions.
Reduced LP has 26851 rows, 27348 columns, and 87562 nonzeros.
Presolve time = 0.05 sec. (44.53 ticks)
Initializing dual steep norms . . .

Iteration log . . .
Iteration:     1   Dual objective     =        -76060.281609
Perturbation started.
Iteration:   101   Dual objective     =        -76060.281628
Iteration:   504   Dual objective     =        -59023.837367
Iteration:   816   Dual objective     =        -47557.211538
Iteration:  1135   Dual objective     =        118399.385878
Iteration:  1339   Dual objective     =        144813.509527
Iteration:  1691   Dual objective     =       1277805.027946
Iteration:  1902   Dual objective     =       2417487.775346
Iteration:  2273   Dual objective     =       5001194.733144
Iteration:  2638   Dual objective     =       8395741.924565
Iteration:  2872   Dual objective     =       9538656.944606
Iteration:  3248   Dual objective     =      13039427.377158
Iteration:  3642   Dual objective     =      15989968.869383
Iteration:  4025   Dual objective     =      19479138.045346
Iteration:  4349   Dual objective     =      24790413.426878
Iteration:  4744   Dual objective     =      31312304.944481
Iteration:  5036   Dual objective     =      38011131.063300
Iteration:  5332   Dual objective     =      83009891.062720
Iteration:  5645   Dual objective     =    2796341264.792349
Iteration:  5966   Dual objective     =    4407337332.245667
Iteration:  6363   Dual objective     =    5928357667.418997
Iteration:  6759   Dual objective     =    7339559174.224374
Iteration:  7133   Dual objective     =    8856853423.494026
Iteration:  7535   Dual objective     =    8918338760.682404
Iteration:  7828   Dual objective     =    8946186243.843653
Iteration:  8186   Dual objective     =    8983738800.254688
Iteration:  8547   Dual objective     =    9671247124.590202
Iteration:  8847   Dual objective     =   10198618739.044155
Iteration:  9191   Dual objective     =   10544919580.051613
Iteration:  9575   Dual objective     =   10833852359.478369
Iteration:  9822   Dual objective     =   11963672547.185837
Iteration: 10145   Dual objective     =   12398855296.403906
Iteration: 10535   Dual objective     =   12543277644.347923
Iteration: 10885   Dual objective     =   13116308538.533264
Iteration: 11235   Dual objective     =   13781022068.587479
Iteration: 11526   Dual objective     =   13782610482.613317
Iteration: 11761   Dual objective     =   13894483914.090658
Iteration: 12000   Dual objective     =   13899295332.106398
Iteration: 12198   Dual objective     =   13905522192.014271
Iteration: 12426   Dual objective     =   13906102404.973814
Iteration: 12676   Dual objective     =   13906527127.610327
Iteration: 12967   Dual objective     =   13910961688.599850
Iteration: 13256   Dual objective     =   13913355975.928553
Iteration: 13579   Dual objective     =   13921982407.205402
Iteration: 13929   Dual objective     =   13998381506.482697
Iteration: 14240   Dual objective     =   14013156866.233789
Iteration: 14437   Dual objective     =   14037577847.439371
Iteration: 14717   Dual objective     =   14567609333.978271
Iteration: 15029   Dual objective     =   14591151829.232975
Iteration: 15335   Dual objective     =   14728720202.247065
Iteration: 15529   Dual objective     =   14866893196.191359
Iteration: 15749   Dual objective     =   15095314341.807104
Iteration: 16006   Dual objective     =   15124823907.478317
Iteration: 16273   Dual objective     =   15159907737.308897
Iteration: 16618   Dual objective     =   15187358879.573471
Iteration: 16883   Dual objective     =   15325616505.634274
Iteration: 17154   Dual objective     =   15343815376.657320
Iteration: 17467   Dual objective     =   15658289080.881645
Iteration: 17726   Dual objective     =   15662369977.232397
Iteration: 18105   Dual objective     =   15727708251.320398
Iteration: 18455   Dual objective     =   15786489975.628014
Iteration: 18781   Dual objective     =   15816420293.220804
Iteration: 19077   Dual objective     =   16005931493.922813
Iteration: 19332   Dual objective     =   16009277930.530697
Iteration: 19562   Dual objective     =   16010457310.172302
Iteration: 19676   Dual objective     =   16011215820.646030
Iteration: 19939   Dual objective     =   16025585455.991014
Iteration: 20249   Dual objective     =   16029066552.147057
Iteration: 20542   Dual objective     =   16030197059.334425
Iteration: 20787   Dual objective     =   16030336371.633728
Iteration: 21104   Dual objective     =   16108775267.489668
Iteration: 21374   Dual objective     =   16110518930.716831
Iteration: 21634   Dual objective     =   16124412941.428268
Iteration: 21940   Dual objective     =   16150624396.810089
Iteration: 22264   Dual objective     =   16266787256.638809
Iteration: 22539   Dual objective     =   16296271419.069458
Iteration: 22802   Dual objective     =   16302978660.773365
Iteration: 23167   Dual objective     =   16534242338.567785
Iteration: 23468   Dual objective     =   16597565039.169737
Iteration: 23730   Dual objective     =   16692126576.490047
Iteration: 24005   Dual objective     =   16694659968.144688
Iteration: 24270   Dual objective     =   16715741143.297300
Iteration: 24548   Dual objective     =   16752375751.371626
Iteration: 24878   Dual objective     =   16783554630.971228
Iteration: 25098   Dual objective     =   16793204686.660851
Iteration: 25441   Dual objective     =   16812789416.329069
Iteration: 25711   Dual objective     =   16817320109.322342
Iteration: 26018   Dual objective     =   16827210616.418837
Iteration: 26288   Dual objective     =   17050722010.821289
Iteration: 26580   Dual objective     =   17161969625.711355
Iteration: 26853   Dual objective     =   17220990710.003975
Iteration: 27230   Dual objective     =   17303381019.905289
Iteration: 27558   Dual objective     =   17349178202.865711
Iteration: 27896   Dual objective     =   17496875383.992744
Iteration: 28263   Dual objective     =   17701323424.380653
Iteration: 28591   Dual objective     =   17791094457.832939
Iteration: 28911   Dual objective     =   17823537373.859844
Iteration: 29177   Dual objective     =   17955277033.423275
Iteration: 29495   Dual objective     =   18127110061.441078
Iteration: 29824   Dual objective     =   18441339215.492676
Iteration: 30089   Dual objective     =   18746928781.353413
Iteration: 30356   Dual objective     =   19107469194.233406
Iteration: 30652   Dual objective     =   19238154505.214741
Iteration: 30985   Dual objective     =   19493915112.945633
Iteration: 31270   Dual objective     =   19514828406.698704
Iteration: 31536   Dual objective     =   19531866004.211647
Iteration: 31786   Dual objective     =   19549806837.503662
Iteration: 32076   Dual objective     =   19661679850.746841
Iteration: 32353   Dual objective     =   19757876625.959354
Iteration: 32602   Dual objective     =   19783384629.475235
Iteration: 32837   Dual objective     =   19819453992.460747
Iteration: 33078   Dual objective     =   19878807223.967335
Iteration: 33384   Dual objective     =   20400767495.113712
Iteration: 33672   Dual objective     =   20671132035.102013
Iteration: 33956   Dual objective     =   20763786772.609882
Iteration: 34237   Dual objective     =   20858624034.901134
Iteration: 34594   Dual objective     =   21115281562.356277
Iteration: 34923   Dual objective     =   21248158462.427238
Iteration: 35259   Dual objective     =   21426368047.564346
Iteration: 35570   Dual objective     =   21646165324.015755
Iteration: 35868   Dual objective     =   21819168259.628086
Iteration: 36160   Dual objective     =   22012902798.303333
Iteration: 36388   Dual objective     =   22370463691.858868
Iteration: 36678   Dual objective     =   22563939094.749294
Iteration: 36975   Dual objective     =   22763556308.908497
Iteration: 37268   Dual objective     =   23034715914.261429
Iteration: 37448   Dual objective     =   23130312604.711807
Iteration: 37759   Dual objective     =   23479739186.890667
Iteration: 37983   Dual objective     =   23839765242.424625
Iteration: 38238   Dual objective     =   24047394406.588493
Iteration: 38421   Dual objective     =   24048028726.767406
Iteration: 38600   Dual objective     =   24126207026.224705
Iteration: 38752   Dual objective     =   24128132107.909184
Iteration: 38975   Dual objective     =   24193435263.422462
Iteration: 39260   Dual objective     =   24553555535.048496
Iteration: 39497   Dual objective     =   24700692159.206398
Iteration: 39770   Dual objective     =   24855726898.077328
Iteration: 40078   Dual objective     =   24990972809.016949
Iteration: 40472   Dual objective     =   25137402437.697716
Iteration: 40756   Dual objective     =   25293751875.731567
Iteration: 41075   Dual objective     =   25444457641.701382
Iteration: 41357   Dual objective     =   25461077196.576725
Iteration: 41583   Dual objective     =   25523285638.470547
Iteration: 41865   Dual objective     =   25609674606.763779
Iteration: 42134   Dual objective     =   25625350111.800564
Iteration: 42336   Dual objective     =   25657008517.713066
Iteration: 42649   Dual objective     =   25674650165.640659
Iteration: 42900   Dual objective     =   25716370572.026882
Iteration: 43094   Dual objective     =   25736565545.456936
Iteration: 43405   Dual objective     =   25776495834.227119
Iteration: 43620   Dual objective     =   25784126843.792976
Iteration: 43813   Dual objective     =   25785545882.240036
Iteration: 44020   Dual objective     =   25786559475.075886
Iteration: 44815   Dual objective     =   25786585952.114731
Iteration: 45595   Dual objective     =   25786614179.594639
Removing perturbation.

LP - Optimal:  Objective = 2.5786616533e+10
Solution time = 5.44 sec.  Iterations = 45667


Solve problem 'COMPETES_LP_GenTransInv' with 43489 rows, 30139 columns, and 109242 nonzeros.
Tried aggregator 1 time.
LP Presolve eliminated 15317 rows and 1470 columns.
Aggregator did 1321 substitutions.
Reduced LP has 26851 rows, 27348 columns, and 87562 nonzeros.
Presolve time = 0.06 sec. (44.53 ticks)
Initializing dual steep norms . . .

Iteration log . . .
Iteration:     1   Dual objective     =        -76060.281609
Perturbation started.
Iteration:   101   Dual objective     =        -76060.281628
Iteration:   504   Dual objective     =        -59023.837367
Iteration:   816   Dual objective     =        -47557.211538
Iteration:  1135   Dual objective     =        118399.385878
Iteration:  1339   Dual objective     =        144813.509527
Iteration:  1691   Dual objective     =       1277805.027946
Iteration:  1902   Dual objective     =       2417487.775346
Iteration:  2273   Dual objective     =       5001194.733144
Iteration:  2638   Dual objective     =       8395741.924565
Iteration:  2872   Dual objective     =       9538656.944606
Iteration:  3248   Dual objective     =      13039427.377158
Iteration:  3642   Dual objective     =      15989968.869383
Iteration:  4025   Dual objective     =      19479138.045346
Iteration:  4349   Dual objective     =      24790413.426878
Iteration:  4744   Dual objective     =      31312304.944481
Iteration:  5036   Dual objective     =      38011131.063300
Iteration:  5332   Dual objective     =      83009891.062720
Iteration:  5645   Dual objective     =    2796341264.792349
Iteration:  5966   Dual objective     =    4407337332.245667
Iteration:  6363   Dual objective     =    5928357667.418997
Iteration:  6759   Dual objective     =    7339559174.224374
Iteration:  7133   Dual objective     =    8856853423.494026
Iteration:  7535   Dual objective     =    8918338760.682404
Iteration:  7828   Dual objective     =    8946186243.843653
Iteration:  8186   Dual objective     =    8983738800.254688
Iteration:  8547   Dual objective     =    9671247124.590202
Iteration:  8847   Dual objective     =   10198618739.044155
Iteration:  9191   Dual objective     =   10544919580.051613
Iteration:  9575   Dual objective     =   10833852359.478369
Iteration:  9822   Dual objective     =   11963672547.185837
Iteration: 10145   Dual objective     =   12398855296.403906
Iteration: 10535   Dual objective     =   12543277644.347923
Iteration: 10885   Dual objective     =   13116308538.533264
Iteration: 11235   Dual objective     =   13781022068.587479
Iteration: 11526   Dual objective     =   13782610482.613317
Iteration: 11761   Dual objective     =   13894483914.090658
Iteration: 12000   Dual objective     =   13899295332.106398
Iteration: 12198   Dual objective     =   13905522192.014271
Iteration: 12426   Dual objective     =   13906102404.973814
Iteration: 12676   Dual objective     =   13906527127.610327
Iteration: 12967   Dual objective     =   13910961688.599850
Iteration: 13256   Dual objective     =   13913355975.928553
Iteration: 13579   Dual objective     =   13921982407.205402
Iteration: 13929   Dual objective     =   13998381506.482697
Iteration: 14240   Dual objective     =   14013156866.233789
Iteration: 14437   Dual objective     =   14037577847.439371
Iteration: 14717   Dual objective     =   14567609333.978271
Iteration: 15029   Dual objective     =   14591151829.232975
Iteration: 15335   Dual objective     =   14728720202.247065
Iteration: 15529   Dual objective     =   14866893196.191359
Iteration: 15749   Dual objective     =   15095314341.807104
Iteration: 16006   Dual objective     =   15124823907.478317
Iteration: 16273   Dual objective     =   15159907737.308897
Iteration: 16618   Dual objective     =   15187358879.573471
Iteration: 16883   Dual objective     =   15325616505.634274
Iteration: 17154   Dual objective     =   15343815376.657320
Iteration: 17467   Dual objective     =   15658289080.881645
Iteration: 17726   Dual objective     =   15662369977.232397
Iteration: 18105   Dual objective     =   15727708251.320398
Iteration: 18455   Dual objective     =   15786489975.628014
Iteration: 18781   Dual objective     =   15816420293.220804
Iteration: 19077   Dual objective     =   16005931493.922813
Iteration: 19332   Dual objective     =   16009277930.530697
Iteration: 19562   Dual objective     =   16010457310.172302
Iteration: 19676   Dual objective     =   16011215820.646030
Iteration: 19939   Dual objective     =   16025585455.991014
Iteration: 20249   Dual objective     =   16029066552.147057
Iteration: 20542   Dual objective     =   16030197059.334425
Iteration: 20787   Dual objective     =   16030336371.633728
Iteration: 21104   Dual objective     =   16108775267.489668
Iteration: 21374   Dual objective     =   16110518930.716831
Iteration: 21634   Dual objective     =   16124412941.428268
Iteration: 21940   Dual objective     =   16150624396.810089
Iteration: 22264   Dual objective     =   16266787256.638809
Iteration: 22539   Dual objective     =   16296271419.069458
Iteration: 22802   Dual objective     =   16302978660.773365
Iteration: 23167   Dual objective     =   16534242338.567785
Iteration: 23468   Dual objective     =   16597565039.169737
Iteration: 23730   Dual objective     =   16692126576.490047
Iteration: 24005   Dual objective     =   16694659968.144688
Iteration: 24270   Dual objective     =   16715741143.297300
Iteration: 24548   Dual objective     =   16752375751.371626
Iteration: 24878   Dual objective     =   16783554630.971228
Iteration: 25098   Dual objective     =   16793204686.660851
Iteration: 25441   Dual objective     =   16812789416.329069
Iteration: 25711   Dual objective     =   16817320109.322342
Iteration: 26018   Dual objective     =   16827210616.418837
Iteration: 26288   Dual objective     =   17050722010.821289
Iteration: 26580   Dual objective     =   17161969625.711355
Iteration: 26853   Dual objective     =   17220990710.003975
Iteration: 27230   Dual objective     =   17303381019.905289
Iteration: 27558   Dual objective     =   17349178202.865711
Iteration: 27896   Dual objective     =   17496875383.992744
Iteration: 28263   Dual objective     =   17701323424.380653
Iteration: 28591   Dual objective     =   17791094457.832939
Iteration: 28911   Dual objective     =   17823537373.859844
Iteration: 29177   Dual objective     =   17955277033.423275
Iteration: 29495   Dual objective     =   18127110061.441078
Iteration: 29824   Dual objective     =   18441339215.492676
Iteration: 30089   Dual objective     =   18746928781.353413
Iteration: 30356   Dual objective     =   19107469194.233406
Iteration: 30652   Dual objective     =   19238154505.214741
Iteration: 30985   Dual objective     =   19493915112.945633
Iteration: 31270   Dual objective     =   19514828406.698704
Iteration: 31536   Dual objective     =   19531866004.211647
Iteration: 31786   Dual objective     =   19549806837.503662
Iteration: 32076   Dual objective     =   19661679850.746841
Iteration: 32353   Dual objective     =   19757876625.959354
Iteration: 32602   Dual objective     =   19783384629.475235
Iteration: 32837   Dual objective     =   19819453992.460747
Iteration: 33078   Dual objective     =   19878807223.967335
Iteration: 33384   Dual objective     =   20400767495.113712
Iteration: 33672   Dual objective     =   20671132035.102013
Iteration: 33956   Dual objective     =   20763786772.609882
Iteration: 34237   Dual objective     =   20858624034.901134
Iteration: 34594   Dual objective     =   21115281562.356277
Iteration: 34923   Dual objective     =   21248158462.427238
Iteration: 35259   Dual objective     =   21426368047.564346
Iteration: 35570   Dual objective     =   21646165324.015755
Iteration: 35868   Dual objective     =   21819168259.628086
Iteration: 36160   Dual objective     =   22012902798.303333
Iteration: 36388   Dual objective     =   22370463691.858868
Iteration: 36678   Dual objective     =   22563939094.749294
Iteration: 36975   Dual objective     =   22763556308.908497
Iteration: 37268   Dual objective     =   23034715914.261429
Iteration: 37448   Dual objective     =   23130312604.711807
Iteration: 37759   Dual objective     =   23479739186.890667
Iteration: 37983   Dual objective     =   23839765242.424625
Iteration: 38238   Dual objective     =   24047394406.588493
Iteration: 38421   Dual objective     =   24048028726.767406
Iteration: 38600   Dual objective     =   24126207026.224705
Iteration: 38752   Dual objective     =   24128132107.909184
Iteration: 38975   Dual objective     =   24193435263.422462
Iteration: 39260   Dual objective     =   24553555535.048496
Iteration: 39497   Dual objective     =   24700692159.206398
Iteration: 39770   Dual objective     =   24855726898.077328
Iteration: 40078   Dual objective     =   24990972809.016949
Iteration: 40472   Dual objective     =   25137402437.697716
Iteration: 40756   Dual objective     =   25293751875.731567
Iteration: 41075   Dual objective     =   25444457641.701382
Iteration: 41357   Dual objective     =   25461077196.576725
Iteration: 41583   Dual objective     =   25523285638.470547
Iteration: 41865   Dual objective     =   25609674606.763779
Iteration: 42134   Dual objective     =   25625350111.800564
Iteration: 42336   Dual objective     =   25657008517.713066
Iteration: 42649   Dual objective     =   25674650165.640659
Iteration: 42900   Dual objective     =   25716370572.026882
Iteration: 43094   Dual objective     =   25736565545.456936
Iteration: 43405   Dual objective     =   25776495834.227119
Iteration: 43620   Dual objective     =   25784126843.792976
Iteration: 43813   Dual objective     =   25785545882.240036
Iteration: 44020   Dual objective     =   25786559475.075886
Iteration: 44815   Dual objective     =   25786585952.114731
Iteration: 45595   Dual objective     =   25786614179.594639
Removing perturbation.

LP - Optimal:  Objective = 2.5786616533e+10
Solution time = 5.37 sec.  Iterations = 45667


Solve problem 'COMPETES_LP_GenTransInv' with 43489 rows, 30139 columns, and 109242 nonzeros.
Tried aggregator 1 time.
LP Presolve eliminated 15317 rows and 1470 columns.
Aggregator did 1321 substitutions.
Reduced LP has 26851 rows, 27348 columns, and 87562 nonzeros.
Presolve time = 0.06 sec. (44.53 ticks)
Initializing dual steep norms . . .

Iteration log . . .
Iteration:     1   Dual objective     =        -76060.281609
Perturbation started.
Iteration:   101   Dual objective     =        -76060.281628
Iteration:   504   Dual objective     =        -59023.837367
Iteration:   816   Dual objective     =        -47557.211538
Iteration:  1135   Dual objective     =        118399.385878
Iteration:  1339   Dual objective     =        144813.509527
Iteration:  1691   Dual objective     =       1277805.027946
Iteration:  1902   Dual objective     =       2417487.775346
Iteration:  2273   Dual objective     =       5001194.733144
Iteration:  2638   Dual objective     =       8395741.924565
Iteration:  2872   Dual objective     =       9538656.944606
Iteration:  3248   Dual objective     =      13039427.377158
Iteration:  3642   Dual objective     =      15989968.869383
Iteration:  4025   Dual objective     =      19479138.045346
Iteration:  4349   Dual objective     =      24790413.426878
Iteration:  4744   Dual objective     =      31312304.944481
Iteration:  5036   Dual objective     =      38011131.063300
Iteration:  5332   Dual objective     =      83009891.062720
Iteration:  5645   Dual objective     =    2796341264.792349
Iteration:  5966   Dual objective     =    4407337332.245667
Iteration:  6363   Dual objective     =    5928357667.418997
Iteration:  6759   Dual objective     =    7339559174.224374
Iteration:  7133   Dual objective     =    8856853423.494026
Iteration:  7535   Dual objective     =    8918338760.682404
Iteration:  7828   Dual objective     =    8946186243.843653
Iteration:  8186   Dual objective     =    8983738800.254688
Iteration:  8547   Dual objective     =    9671247124.590202
Iteration:  8847   Dual objective     =   10198618739.044155
Iteration:  9191   Dual objective     =   10544919580.051613
Iteration:  9575   Dual objective     =   10833852359.478369
Iteration:  9822   Dual objective     =   11963672547.185837
Iteration: 10145   Dual objective     =   12398855296.403906
Iteration: 10535   Dual objective     =   12543277644.347923
Iteration: 10885   Dual objective     =   13116308538.533264
Iteration: 11235   Dual objective     =   13781022068.587479
Iteration: 11526   Dual objective     =   13782610482.613317
Iteration: 11761   Dual objective     =   13894483914.090658
Iteration: 12000   Dual objective     =   13899295332.106398
Iteration: 12198   Dual objective     =   13905522192.014271
Iteration: 12426   Dual objective     =   13906102404.973814
Iteration: 12676   Dual objective     =   13906527127.610327
Iteration: 12967   Dual objective     =   13910961688.599850
Iteration: 13256   Dual objective     =   13913355975.928553
Iteration: 13579   Dual objective     =   13921982407.205402
Iteration: 13929   Dual objective     =   13998381506.482697
Iteration: 14240   Dual objective     =   14013156866.233789
Iteration: 14437   Dual objective     =   14037577847.439371
Iteration: 14717   Dual objective     =   14567609333.978271
Iteration: 15029   Dual objective     =   14591151829.232975
Iteration: 15335   Dual objective     =   14728720202.247065
Iteration: 15529   Dual objective     =   14866893196.191359
Iteration: 15749   Dual objective     =   15095314341.807104
Iteration: 16006   Dual objective     =   15124823907.478317
Iteration: 16273   Dual objective     =   15159907737.308897
Iteration: 16618   Dual objective     =   15187358879.573471
Iteration: 16883   Dual objective     =   15325616505.634274
Iteration: 17154   Dual objective     =   15343815376.657320
Iteration: 17467   Dual objective     =   15658289080.881645
Iteration: 17726   Dual objective     =   15662369977.232397
Iteration: 18105   Dual objective     =   15727708251.320398
Iteration: 18455   Dual objective     =   15786489975.628014
Iteration: 18781   Dual objective     =   15816420293.220804
Iteration: 19077   Dual objective     =   16005931493.922813
Iteration: 19332   Dual objective     =   16009277930.530697
Iteration: 19562   Dual objective     =   16010457310.172302
Iteration: 19676   Dual objective     =   16011215820.646030
Iteration: 19939   Dual objective     =   16025585455.991014
Iteration: 20249   Dual objective     =   16029066552.147057
Iteration: 20542   Dual objective     =   16030197059.334425
Iteration: 20787   Dual objective     =   16030336371.633728
Iteration: 21104   Dual objective     =   16108775267.489668
Iteration: 21374   Dual objective     =   16110518930.716831
Iteration: 21634   Dual objective     =   16124412941.428268
Iteration: 21940   Dual objective     =   16150624396.810089
Iteration: 22264   Dual objective     =   16266787256.638809
Iteration: 22539   Dual objective     =   16296271419.069458
Iteration: 22802   Dual objective     =   16302978660.773365
Iteration: 23167   Dual objective     =   16534242338.567785
Iteration: 23468   Dual objective     =   16597565039.169737
Iteration: 23730   Dual objective     =   16692126576.490047
Iteration: 24005   Dual objective     =   16694659968.144688
Iteration: 24270   Dual objective     =   16715741143.297300
Iteration: 24548   Dual objective     =   16752375751.371626
Iteration: 24878   Dual objective     =   16783554630.971228
Iteration: 25098   Dual objective     =   16793204686.660851
Iteration: 25441   Dual objective     =   16812789416.329069
Iteration: 25711   Dual objective     =   16817320109.322342
Iteration: 26018   Dual objective     =   16827210616.418837
Iteration: 26288   Dual objective     =   17050722010.821289
Iteration: 26580   Dual objective     =   17161969625.711355
Iteration: 26853   Dual objective     =   17220990710.003975
Iteration: 27230   Dual objective     =   17303381019.905289
Iteration: 27558   Dual objective     =   17349178202.865711
Iteration: 27896   Dual objective     =   17496875383.992744
Iteration: 28263   Dual objective     =   17701323424.380653
Iteration: 28591   Dual objective     =   17791094457.832939
Iteration: 28911   Dual objective     =   17823537373.859844
Iteration: 29177   Dual objective     =   17955277033.423275
Iteration: 29495   Dual objective     =   18127110061.441078
Iteration: 29824   Dual objective     =   18441339215.492676
Iteration: 30089   Dual objective     =   18746928781.353413
Iteration: 30356   Dual objective     =   19107469194.233406
Iteration: 30652   Dual objective     =   19238154505.214741
Iteration: 30985   Dual objective     =   19493915112.945633
Iteration: 31270   Dual objective     =   19514828406.698704
Iteration: 31536   Dual objective     =   19531866004.211647
Iteration: 31786   Dual objective     =   19549806837.503662
Iteration: 32076   Dual objective     =   19661679850.746841
Iteration: 32353   Dual objective     =   19757876625.959354
Iteration: 32602   Dual objective     =   19783384629.475235
Iteration: 32837   Dual objective     =   19819453992.460747
Iteration: 33078   Dual objective     =   19878807223.967335
Iteration: 33384   Dual objective     =   20400767495.113712
Iteration: 33672   Dual objective     =   20671132035.102013
Iteration: 33956   Dual objective     =   20763786772.609882
Iteration: 34237   Dual objective     =   20858624034.901134
Iteration: 34594   Dual objective     =   21115281562.356277
Iteration: 34923   Dual objective     =   21248158462.427238
Iteration: 35259   Dual objective     =   21426368047.564346
Iteration: 35570   Dual objective     =   21646165324.015755
Iteration: 35868   Dual objective     =   21819168259.628086
Iteration: 36160   Dual objective     =   22012902798.303333
Iteration: 36388   Dual objective     =   22370463691.858868
Iteration: 36678   Dual objective     =   22563939094.749294
Iteration: 36975   Dual objective     =   22763556308.908497
Iteration: 37268   Dual objective     =   23034715914.261429
Iteration: 37448   Dual objective     =   23130312604.711807
Iteration: 37759   Dual objective     =   23479739186.890667
Iteration: 37983   Dual objective     =   23839765242.424625
Iteration: 38238   Dual objective     =   24047394406.588493
Iteration: 38421   Dual objective     =   24048028726.767406
Iteration: 38600   Dual objective     =   24126207026.224705
Iteration: 38752   Dual objective     =   24128132107.909184
Iteration: 38975   Dual objective     =   24193435263.422462
Iteration: 39260   Dual objective     =   24553555535.048496
Iteration: 39497   Dual objective     =   24700692159.206398
Iteration: 39770   Dual objective     =   24855726898.077328
Iteration: 40078   Dual objective     =   24990972809.016949
Iteration: 40472   Dual objective     =   25137402437.697716
Iteration: 40756   Dual objective     =   25293751875.731567
Iteration: 41075   Dual objective     =   25444457641.701382
Iteration: 41357   Dual objective     =   25461077196.576725
Iteration: 41583   Dual objective     =   25523285638.470547
Iteration: 41865   Dual objective     =   25609674606.763779
Iteration: 42134   Dual objective     =   25625350111.800564
Iteration: 42336   Dual objective     =   25657008517.713066
Iteration: 42649   Dual objective     =   25674650165.640659
Iteration: 42900   Dual objective     =   25716370572.026882
Iteration: 43094   Dual objective     =   25736565545.456936
Iteration: 43405   Dual objective     =   25776495834.227119
Iteration: 43620   Dual objective     =   25784126843.792976
Iteration: 43813   Dual objective     =   25785545882.240036
Iteration: 44020   Dual objective     =   25786559475.075886
Iteration: 44815   Dual objective     =   25786585952.114731
Iteration: 45595   Dual objective     =   25786614179.594639
Removing perturbation.

LP - Optimal:  Objective = 2.5786616533e+10
Solution time = 5.47 sec.  Iterations = 45667

